[1] "Methylation data loaded."
[1] "Sample indices for this chunk: 301658 to 317534"
[1] "Dimensions of survData:"
[1] 2610   65
[1] "Dimensions of M-value matrix:"
[1] 15877  2610
   user  system elapsed 
  2.029   0.381   4.203 
[[1]]
[1] "survival"  "stats"     "graphics"  "grDevices" "utils"     "datasets" 
[7] "methods"   "base"     

[[2]]
[1] "survival"  "stats"     "graphics"  "grDevices" "utils"     "datasets" 
[7] "methods"   "base"     

[[3]]
[1] "survival"  "stats"     "graphics"  "grDevices" "utils"     "datasets" 
[7] "methods"   "base"     

[[4]]
[1] "survival"  "stats"     "graphics"  "grDevices" "utils"     "datasets" 
[7] "methods"   "base"     

    user   system  elapsed 
   2.914    0.442 1885.413 

real	32m37.001s
user	1m10.086s
sys	0m3.946s
