[1] "Methylation data loaded."
[1] "Sample indices for this chunk: 460425 to 476301"
[1] "Dimensions of survData:"
[1] 2610   65
[1] "Dimensions of M-value matrix:"
[1] 15877  2610
   user  system elapsed 
  2.171   0.351   4.051 
[[1]]
[1] "survival"  "stats"     "graphics"  "grDevices" "utils"     "datasets" 
[7] "methods"   "base"     

[[2]]
[1] "survival"  "stats"     "graphics"  "grDevices" "utils"     "datasets" 
[7] "methods"   "base"     

[[3]]
[1] "survival"  "stats"     "graphics"  "grDevices" "utils"     "datasets" 
[7] "methods"   "base"     

[[4]]
[1] "survival"  "stats"     "graphics"  "grDevices" "utils"     "datasets" 
[7] "methods"   "base"     

    user   system  elapsed 
   3.073    0.418 1869.948 

real	32m32.407s
user	1m13.564s
sys	0m3.912s
