[1] "Methylation data loaded."
[1] "Sample indices for this chunk: 238151 to 254027"
[1] "Dimensions of survData:"
[1] 2610   65
[1] "Dimensions of M-value matrix:"
[1] 15877  2610
   user  system elapsed 
  2.200   0.496   4.456 
[[1]]
[1] "survival"  "stats"     "graphics"  "grDevices" "utils"     "datasets" 
[7] "methods"   "base"     

[[2]]
[1] "survival"  "stats"     "graphics"  "grDevices" "utils"     "datasets" 
[7] "methods"   "base"     

[[3]]
[1] "survival"  "stats"     "graphics"  "grDevices" "utils"     "datasets" 
[7] "methods"   "base"     

[[4]]
[1] "survival"  "stats"     "graphics"  "grDevices" "utils"     "datasets" 
[7] "methods"   "base"     

    user   system  elapsed 
   3.225    0.556 1978.922 

real	34m16.439s
user	1m16.051s
sys	0m5.008s
