[1] "Methylation data loaded."
[1] "Sample indices for this chunk: 127014 to 142890"
[1] "Dimensions of survData:"
[1] 2610   65
[1] "Dimensions of M-value matrix:"
[1] 15877  2610
   user  system elapsed 
  2.166   0.465   4.147 
[[1]]
[1] "survival"  "stats"     "graphics"  "grDevices" "utils"     "datasets" 
[7] "methods"   "base"     

[[2]]
[1] "survival"  "stats"     "graphics"  "grDevices" "utils"     "datasets" 
[7] "methods"   "base"     

[[3]]
[1] "survival"  "stats"     "graphics"  "grDevices" "utils"     "datasets" 
[7] "methods"   "base"     

[[4]]
[1] "survival"  "stats"     "graphics"  "grDevices" "utils"     "datasets" 
[7] "methods"   "base"     

    user   system  elapsed 
   3.164    0.541 1973.489 

real	34m12.657s
user	1m16.090s
sys	0m5.123s
