[1] "Methylation data loaded."
[1] "Sample indices for this chunk: 285781 to 301657"
[1] "Dimensions of survData:"
[1] 2610   65
[1] "Dimensions of M-value matrix:"
[1] 15877  2610
   user  system elapsed 
  2.181   0.408   4.008 
[[1]]
[1] "survival"  "stats"     "graphics"  "grDevices" "utils"     "datasets" 
[7] "methods"   "base"     

[[2]]
[1] "survival"  "stats"     "graphics"  "grDevices" "utils"     "datasets" 
[7] "methods"   "base"     

[[3]]
[1] "survival"  "stats"     "graphics"  "grDevices" "utils"     "datasets" 
[7] "methods"   "base"     

[[4]]
[1] "survival"  "stats"     "graphics"  "grDevices" "utils"     "datasets" 
[7] "methods"   "base"     

    user   system  elapsed 
   3.062    0.462 1904.489 

real	35m27.042s
user	1m31.585s
sys	0m4.739s
