[1] "Phenotype variables..."
[1] "Sample metadata..."
[1] "Cardiovascular event data..."
Warning messages:
1: In inner_join_impl(x, y, by$x, by$y, suffix$x, suffix$y) :
  joining character vector and factor, coercing into character vector
2: In inner_join_impl(x, y, by$x, by$y, suffix$x, suffix$y) :
  joining character vector and factor, coercing into character vector
3: In inner_join_impl(x, y, by$x, by$y, suffix$x, suffix$y) :
  joining character vector and factor, coercing into character vector
4: In inner_join_impl(x, y, by$x, by$y, suffix$x, suffix$y) :
  joining character vector and factor, coercing into character vector
5: In inner_join_impl(x, y, by$x, by$y, suffix$x, suffix$y) :
  joining character vector and factor, coercing into character vector
Warning message:
In inner_join_impl(x, y, by$x, by$y, suffix$x, suffix$y) :
  joining factor and character vector, coercing into character vector
null device 
          1 

real	3m33.140s
user	3m20.916s
sys	0m11.589s
