[1] "Methylation data loaded."
[1] "Dimensions of event/covariate matrix: 2286"
[2] "Dimensions of event/covariate matrix: 448" 
[1] "Dimensions of M-value matrix: 426957"
[2] "Dimensions of M-value matrix: 2286"  
[1] "cox"
            coef exp(coef)   se(coef)          z   Pr(>|z|)
mrs  0.061795005  1.063744 0.02422304  2.5510835 0.01073886
frs -0.009495941  0.990549 0.09203467 -0.1031779 0.91782181
[1] "cox"
          coef exp(coef)   se(coef)        z    Pr(>|z|)
mrs 0.08633501  1.090171 0.02760268 3.127777 0.001761341
frs 0.11413097  1.120899 0.08277760 1.378766 0.167966805
[1] "cox"
          coef exp(coef)   se(coef)         z     Pr(>|z|)
mrs 0.01321447  1.013302 0.02797882 0.4723027 0.6367107330
frs 0.30534890  1.357098 0.08275607 3.6897462 0.0002244779
[1] "gaussian"
          coef exp(coef)  se(coef)          z   Pr(>|z|)
mrs -0.1771016 0.8376947 0.2810085 -0.6302358 0.52854032
frs  0.3122704 1.3665241 0.1518644  2.0562443 0.03975898
[1] "gaussian"
          coef exp(coef)  se(coef)         z    Pr(>|z|)
mrs -0.4220871 0.6556769 0.3237069 -1.303918 0.192261631
frs  0.4357600 1.5461376 0.1683449  2.588496 0.009639619
[1] "gaussian"
          coef exp(coef)  se(coef)         z   Pr(>|z|)
mrs  0.5960939 1.8150152 0.3467376  1.719150 0.08558708
frs -0.2331279 0.7920523 0.1792892 -1.300289 0.19350180
[1] "gaussian"
          coef  exp(coef)   se(coef)         z  Pr(>|z|)
mrs 5.49226361 242.806205 2.29750291 2.3905361 0.0168238
frs 0.09438198   1.098979 0.09466517 0.9970085 0.3187604
[1] "gaussian"
         coef exp(coef)   se(coef)        z     Pr(>|z|)
mrs 0.5776202  1.781793 2.07817418 0.277946 0.7810538294
frs 0.3109463  1.364716 0.08924602 3.484147 0.0004937076
[1] "gaussian"
           coef exp(coef)   se(coef)          z  Pr(>|z|)
mrs -1.63141428 0.1956527 1.97090911 -0.8277471 0.4078137
frs  0.07808605 1.0812157 0.08733526  0.8940953 0.3712709
$cvd
$cvd$Fold1
$cvd$Fold1$num_cpgs
[1] 1158

$cvd$Fold1$res
            coef exp(coef)   se(coef)          z   Pr(>|z|)
mrs  0.061795005  1.063744 0.02422304  2.5510835 0.01073886
frs -0.009495941  0.990549 0.09203467 -0.1031779 0.91782181


$cvd$Fold2
$cvd$Fold2$num_cpgs
[1] 1228

$cvd$Fold2$res
          coef exp(coef)   se(coef)        z    Pr(>|z|)
mrs 0.08633501  1.090171 0.02760268 3.127777 0.001761341
frs 0.11413097  1.120899 0.08277760 1.378766 0.167966805


$cvd$Fold3
$cvd$Fold3$num_cpgs
[1] 1036

$cvd$Fold3$res
          coef exp(coef)   se(coef)         z     Pr(>|z|)
mrs 0.01321447  1.013302 0.02797882 0.4723027 0.6367107330
frs 0.30534890  1.357098 0.08275607 3.6897462 0.0002244779



$frs
$frs$Fold1
$frs$Fold1$num_cpgs
[1] 871

$frs$Fold1$res
          coef exp(coef)  se(coef)          z   Pr(>|z|)
mrs -0.1771016 0.8376947 0.2810085 -0.6302358 0.52854032
frs  0.3122704 1.3665241 0.1518644  2.0562443 0.03975898


$frs$Fold2
$frs$Fold2$num_cpgs
[1] 915

$frs$Fold2$res
          coef exp(coef)  se(coef)         z    Pr(>|z|)
mrs -0.4220871 0.6556769 0.3237069 -1.303918 0.192261631
frs  0.4357600 1.5461376 0.1683449  2.588496 0.009639619


$frs$Fold3
$frs$Fold3$num_cpgs
[1] 941

$frs$Fold3$res
          coef exp(coef)  se(coef)         z   Pr(>|z|)
mrs  0.5960939 1.8150152 0.3467376  1.719150 0.08558708
frs -0.2331279 0.7920523 0.1792892 -1.300289 0.19350180



$imt
$imt$Fold1
$imt$Fold1$num_cpgs
[1] 1676

$imt$Fold1$res
          coef  exp(coef)   se(coef)         z  Pr(>|z|)
mrs 5.49226361 242.806205 2.29750291 2.3905361 0.0168238
frs 0.09438198   1.098979 0.09466517 0.9970085 0.3187604


$imt$Fold2
$imt$Fold2$num_cpgs
[1] 1620

$imt$Fold2$res
         coef exp(coef)   se(coef)        z     Pr(>|z|)
mrs 0.5776202  1.781793 2.07817418 0.277946 0.7810538294
frs 0.3109463  1.364716 0.08924602 3.484147 0.0004937076


$imt$Fold3
$imt$Fold3$num_cpgs
[1] 1631

$imt$Fold3$res
           coef exp(coef)   se(coef)          z  Pr(>|z|)
mrs -1.63141428 0.1956527 1.97090911 -0.8277471 0.4078137
frs  0.07808605 1.0812157 0.08733526  0.8940953 0.3712709




real	42m41.231s
user	42m0.807s
sys	0m38.221s
