[1] "Methylation data loaded."
[1] "Dimensions of event/covariate matrix: 2286"
[2] "Dimensions of event/covariate matrix: 448" 
[1] "Dimensions of M-value matrix: 426957"
[2] "Dimensions of M-value matrix: 2286"  
[1] "CVD:"
[1] "1471 nonzero coefficients"
  cg00321867   cg00329300   cg01559617   cg01567173   cg01821018   cg02960125 
 0.019356160  0.014301497 -0.020657917 -0.103442459 -0.062699822  0.164493464 
  cg04112961   cg04161784   cg04315214   cg04706183 
 0.090670046  0.001423738 -0.082539159  0.147587900 
[1] "FRS:"
[1] "1102 nonzero coefficients"
          sex           age   smoking_now           bmi    cg04886703 
-0.5378919640  0.3703506362  0.0383633466  0.0593405486 -0.0042771814 
   cg09817636    cg10519709    cg10627839    cg16015712    cg16355231 
-0.0090623359 -0.0008652467 -0.0081878624  0.0015692734 -0.0015951666 
[1] "IMT:"
[1] "2285 nonzero coefficients"
          age           bmi    cg00831909    cg01188685    cg02054776 
 0.0264536162  0.0041695315 -0.0001793179 -0.0027596027  0.0036865081 
   cg03611060    cg05813032    cg08264835    cg09275862    cg10963218 
 0.0004013958 -0.0004030327 -0.0011301257 -0.0008817703  0.0005973417 

real	26m49.750s
user	26m9.139s
sys	0m37.276s
