[1] "Methylation data loaded."
[1] "Dimensions of event/covariate matrix: 2539 x 452"
[1] "Dimensions of M-value matrix: 426957 x 2539"
[1] "~sex+age+smoking_now+bmi+PC1"
          coef exp(coef)  se(coef)         z  Pr(>|z|)
mrs 0.01359997  1.013693 0.0141605 0.9604163 0.3368457
[1] "~sex+age+smoking_now+bmi+PC2"
          coef exp(coef)   se(coef)        z     Pr(>|z|)
mrs 0.06384165  1.065924 0.01556535 4.101524 4.104371e-05
[1] "~sex+age+smoking_now+bmi+PC3"
          coef exp(coef)   se(coef)        z     Pr(>|z|)
mrs 0.07017088  1.072691 0.01568085 4.474941 7.643236e-06
[1] "~sex+age+smoking_now+bmi+PC4"
          coef exp(coef)   se(coef)        z    Pr(>|z|)
mrs 0.04535838  1.046403 0.01729617 2.622452 0.008729965
[1] "~sex+age+smoking_now+bmi+CD8T+CD4T+NK+Bcell+Mono+Gran+PC1"
           coef exp(coef)  se(coef)         z  Pr(>|z|)
mrs 0.007477714  1.007506 0.0146011 0.5121336 0.6085575
[1] "~sex+age+smoking_now+bmi+CD8T+CD4T+NK+Bcell+Mono+Gran+PC2"
          coef exp(coef)   se(coef)        z     Pr(>|z|)
mrs 0.05651278   1.05814 0.01668693 3.386648 0.0007075208
[1] "~sex+age+smoking_now+bmi+CD8T+CD4T+NK+Bcell+Mono+Gran+PC3"
          coef exp(coef)   se(coef)        z     Pr(>|z|)
mrs 0.05242443  1.053823 0.01417728 3.697777 0.0002174959
[1] "~sex+age+smoking_now+bmi+CD8T+CD4T+NK+Bcell+Mono+Gran+PC4"
          coef exp(coef)   se(coef)        z   Pr(>|z|)
mrs 0.04155581  1.042431 0.01806015 2.300967 0.02139348
[1] "~sex+age+smoking_now+bmi+CD8T+CD4T+NK+Bcell+Mono+Gran+PC1_cp"
          coef exp(coef)   se(coef)        z     Pr(>|z|)
mrs 0.05912607  1.060909 0.01760012 3.359412 0.0007810848

real	101m11.491s
user	94m19.223s
sys	5m8.665s
